
E, [2010-03-08T16:51:52.852288 #21861] ERROR -- : Error handling action!: undefined method `event_type=' for #<IRCEvent:0xb76b6eb4>
    ./bogobot.rb:806:in `action'
    /raid/home/rcarn/projects/bogobot/plugins/action.rb:17:in `do_action'
    /raid/home/rcarn/projects/bogobot/plugins/action.rb:9:in `start'
    ./bogobot.rb:902:in `call'
    ./bogobot.rb:902:in `call'
    ./bogobot.rb:677:in `handle_command'
    ./bogobot.rb:659:in `on_pubmsg'
    ./bogobot.rb:139:in `initialize'
    ./lib/irc/IRCEvent.rb:140:in `call'
    ./lib/irc/IRCEvent.rb:140:in `process'
    ./lib/irc/IRCEvent.rb:138:in `each'
    ./lib/irc/IRCEvent.rb:138:in `process'
    ./lib/irc/IRC.rb:78:in `connect'
    ./lib/irc/IRCConnection.rb:65:in `main'
    ./lib/irc/IRCConnection.rb:82:in `do_one_loop'
    ./lib/irc/IRCConnection.rb:75:in `each'
    ./lib/irc/IRCConnection.rb:75:in `do_one_loop'
    ./lib/irc/IRCConnection.rb:64:in `main'
    ./lib/irc/IRC.rb:74:in `connect'
    ./lib/irc/IRCConnection.rb:39:in `handle_connection'
    ./lib/irc/IRC.rb:66:in `connect'
    ./bogobot.rb:254:in `connect'
    ./bogobot.rb:957
